# JRE version: Java(TM) SE Runtime Environment (8.0_261-b12) (build 1.8.0_261-b12)
# Java VM: Java HotSpot(TM) 64-Bit Server VM (25.261-b12 mixed mode windows-amd64 compressed oops)
Heap:
 PSYoungGen      total 455168K, used 249900K [0x000000076b400000, 0x000000078e500000, 0x00000007c0000000)
  eden space 430080K, 52% used [0x000000076b400000,0x0000000778f8e920,0x0000000785800000)
  from space 25088K, 99% used [0x000000078cc80000,0x000000078e4fc938,0x000000078e500000)
  to   space 44544K, 0% used [0x0000000788e00000,0x0000000788e00000,0x000000078b980000)
 ParOldGen       total 260096K, used 161447K [0x00000006c1c00000, 0x00000006d1a00000, 0x000000076b400000)
  object space 260096K, 62% used [0x00000006c1c00000,0x00000006cb9a9f58,0x00000006d1a00000)
 Metaspace       used 33607K, capacity 34846K, committed 35120K, reserved 1081344K
  class space    used 3775K, capacity 4087K, committed 4144K, reserved 1048576K
GC Heap History (10 events):
Event: 36.565 GC heap before
{Heap before GC invocations=10 (full 2):
 PSYoungGen      total 455168K, used 25073K [0x000000076b400000, 0x000000078e500000, 0x00000007c0000000)
  eden space 430080K, 0% used [0x000000076b400000,0x000000076b400000,0x0000000785800000)
  from space 25088K, 99% used [0x000000078cc80000,0x000000078e4fc488,0x000000078e500000)
  to   space 44544K, 0% used [0x0000000788e00000,0x0000000788e00000,0x000000078b980000)
 ParOldGen       total 136192K, used 124583K [0x00000006c1c00000, 0x00000006ca100000, 0x000000076b400000)
  object space 136192K, 91% used [0x00000006c1c00000,0x00000006c95a9fe0,0x00000006ca100000)
 Metaspace       used 27338K, capacity 28102K, committed 28464K, reserved 1075200K
  class space    used 3103K, capacity 3268K, committed 3376K, reserved 1048576K
Event: 36.971 GC heap after
Heap after GC invocations=10 (full 2):
 PSYoungGen      total 455168K, used 0K [0x000000076b400000, 0x000000078e500000, 0x00000007c0000000)
  eden space 430080K, 0% used [0x000000076b400000,0x000000076b400000,0x0000000785800000)
  from space 25088K, 0% used [0x000000078cc80000,0x000000078cc80000,0x000000078e500000)
  to   space 44544K, 0% used [0x0000000788e00000,0x0000000788e00000,0x000000078b980000)
 ParOldGen       total 260096K, used 92931K [0x00000006c1c00000, 0x00000006d1a00000, 0x000000076b400000)
  object space 260096K, 35% used [0x00000006c1c00000,0x00000006c76c0c08,0x00000006d1a00000)
 Metaspace       used 26032K, capacity 26756K, committed 28464K, reserved 1075200K
  class space    used 2911K, capacity 3059K, committed 3376K, reserved 1048576K
}
Event: 39.612 GC heap before
{Heap before GC invocations=11 (full 2):
 PSYoungGen      total 455168K, used 430080K [0x000000076b400000, 0x000000078e500000, 0x00000007c0000000)
  eden space 430080K, 100% used [0x000000076b400000,0x0000000785800000,0x0000000785800000)
  from space 25088K, 0% used [0x000000078cc80000,0x000000078cc80000,0x000000078e500000)
  to   space 44544K, 0% used [0x0000000788e00000,0x0000000788e00000,0x000000078b980000)
 ParOldGen       total 260096K, used 92931K [0x00000006c1c00000, 0x00000006d1a00000, 0x000000076b400000)
  object space 260096K, 35% used [0x00000006c1c00000,0x00000006c76c0c08,0x00000006d1a00000)
 Metaspace       used 26072K, capacity 26780K, committed 28464K, reserved 1075200K
  class space    used 2913K, capacity 3063K, committed 3376K, reserved 1048576K
Event: 39.646 GC heap after
Heap after GC invocations=11 (full 2):
 PSYoungGen      total 474624K, used 10000K [0x000000076b400000, 0x000000078e500000, 0x00000007c0000000)
  eden space 430080K, 0% used [0x000000076b400000,0x000000076b400000,0x0000000785800000)
  from space 44544K, 22% used [0x0000000788e00000,0x00000007897c41e0,0x000000078b980000)
  to   space 25088K, 0% used [0x000000078cc80000,0x000000078cc80000,0x000000078e500000)
 ParOldGen       total 260096K, used 92939K [0x00000006c1c00000, 0x00000006d1a00000, 0x000000076b400000)
  object space 260096K, 35% used [0x00000006c1c00000,0x00000006c76c2c08,0x00000006d1a00000)
 Metaspace       used 26072K, capacity 26780K, committed 28464K, reserved 1075200K
  class space    used 2913K, capacity 3063K, committed 3376K, reserved 1048576K
}
Event: 43.599 GC heap before
{Heap before GC invocations=12 (full 2):
 PSYoungGen      total 474624K, used 440080K [0x000000076b400000, 0x000000078e500000, 0x00000007c0000000)
  eden space 430080K, 100% used [0x000000076b400000,0x0000000785800000,0x0000000785800000)
  from space 44544K, 22% used [0x0000000788e00000,0x00000007897c41e0,0x000000078b980000)
  to   space 25088K, 0% used [0x000000078cc80000,0x000000078cc80000,0x000000078e500000)
 ParOldGen       total 260096K, used 92939K [0x00000006c1c00000, 0x00000006d1a00000, 0x000000076b400000)
  object space 260096K, 35% used [0x00000006c1c00000,0x00000006c76c2c08,0x00000006d1a00000)
 Metaspace       used 26184K, capacity 26976K, committed 28464K, reserved 1075200K
  class space    used 2924K, capacity 3131K, committed 3376K, reserved 1048576K
Event: 43.654 GC heap after
Heap after GC invocations=12 (full 2):
 PSYoungGen      total 455168K, used 25062K [0x000000076b400000, 0x000000078e500000, 0x00000007c0000000)
  eden space 430080K, 0% used [0x000000076b400000,0x000000076b400000,0x0000000785800000)
  from space 25088K, 99% used [0x000000078cc80000,0x000000078e4f9920,0x000000078e500000)
  to   space 44544K, 0% used [0x0000000788e00000,0x0000000788e00000,0x000000078b980000)
 ParOldGen       total 260096K, used 104441K [0x00000006c1c00000, 0x00000006d1a00000, 0x000000076b400000)
  object space 260096K, 40% used [0x00000006c1c00000,0x00000006c81fe498,0x00000006d1a00000)
 Metaspace       used 26184K, capacity 26976K, committed 28464K, reserved 1075200K
  class space    used 2924K, capacity 3131K, committed 3376K, reserved 1048576K
}
Event: 50.686 GC heap before
{Heap before GC invocations=13 (full 2):
 PSYoungGen      total 455168K, used 455142K [0x000000076b400000, 0x000000078e500000, 0x00000007c0000000)
  eden space 430080K, 100% used [0x000000076b400000,0x0000000785800000,0x0000000785800000)
  from space 25088K, 99% used [0x000000078cc80000,0x000000078e4f9920,0x000000078e500000)
  to   space 44544K, 0% used [0x0000000788e00000,0x0000000788e00000,0x000000078b980000)
 ParOldGen       total 260096K, used 104441K [0x00000006c1c00000, 0x00000006d1a00000, 0x000000076b400000)
  object space 260096K, 40% used [0x00000006c1c00000,0x00000006c81fe498,0x00000006d1a00000)
 Metaspace       used 28097K, capacity 28832K, committed 29232K, reserved 1075200K
  class space    used 3066K, capacity 3259K, committed 3376K, reserved 1048576K
Event: 50.772 GC heap after
Heap after GC invocations=13 (full 2):
 PSYoungGen      total 474624K, used 43424K [0x000000076b400000, 0x000000078e500000, 0x00000007c0000000)
  eden space 430080K, 0% used [0x000000076b400000,0x000000076b400000,0x0000000785800000)
  from space 44544K, 97% used [0x0000000788e00000,0x000000078b8683d0,0x000000078b980000)
  to   space 25088K, 0% used [0x000000078cc80000,0x000000078cc80000,0x000000078e500000)
 ParOldGen       total 260096K, used 112582K [0x00000006c1c00000, 0x00000006d1a00000, 0x000000076b400000)
  object space 260096K, 43% used [0x00000006c1c00000,0x00000006c89f19e8,0x00000006d1a00000)
 Metaspace       used 28097K, capacity 28832K, committed 29232K, reserved 1075200K
  class space    used 3066K, capacity 3259K, committed 3376K, reserved 1048576K
}
Event: 60.817 GC heap before
{Heap before GC invocations=14 (full 2):
 PSYoungGen      total 474624K, used 473504K [0x000000076b400000, 0x000000078e500000, 0x00000007c0000000)
  eden space 430080K, 100% used [0x000000076b400000,0x0000000785800000,0x0000000785800000)
  from space 44544K, 97% used [0x0000000788e00000,0x000000078b8683d0,0x000000078b980000)
  to   space 25088K, 0% used [0x000000078cc80000,0x000000078cc80000,0x000000078e500000)
 ParOldGen       total 260096K, used 112582K [0x00000006c1c00000, 0x00000006d1a00000, 0x000000076b400000)
  object space 260096K, 43% used [0x00000006c1c00000,0x00000006c89f19e8,0x00000006d1a00000)
 Metaspace       used 32297K, capacity 33428K, committed 33712K, reserved 1079296K
  class space    used 3609K, capacity 3914K, committed 4016K, reserved 1048576K
Event: 60.891 GC heap after
Heap after GC invocations=14 (full 2):
 PSYoungGen      total 455168K, used 25074K [0x000000076b400000, 0x000000078e500000, 0x00000007c0000000)
  eden space 430080K, 0% used [0x000000076b400000,0x000000076b400000,0x0000000785800000)
  from space 25088K, 99% used [0x000000078cc80000,0x000000078e4fc938,0x000000078e500000)
  to   space 44544K, 0% used [0x0000000788e00000,0x0000000788e00000,0x000000078b980000)
 ParOldGen       total 260096K, used 161447K [0x00000006c1c00000, 0x00000006d1a00000, 0x000000076b400000)
  object space 260096K, 62% used [0x00000006c1c00000,0x00000006cb9a9f58,0x00000006d1a00000)
 Metaspace       used 32297K, capacity 33428K, committed 33712K, reserved 1079296K
  class space    used 3609K, capacity 3914K, committed 4016K, reserved 1048576K
}

