# JRE version: Java(TM) SE Runtime Environment (8.0_261-b12) (build 1.8.0_261-b12)
# Java VM: Java HotSpot(TM) 64-Bit Server VM (25.261-b12 mixed mode windows-amd64 compressed oops)
Heap:
 PSYoungGen      total 777728K, used 227568K [0x000000076b400000, 0x00000007a9500000, 0x00000007c0000000)
  eden space 720896K, 27% used [0x000000076b400000,0x000000077769af58,0x0000000797400000)
  from space 56832K, 49% used [0x0000000797400000,0x0000000798fa1200,0x000000079ab80000)
  to   space 54272K, 0% used [0x00000007a6000000,0x00000007a6000000,0x00000007a9500000)
 ParOldGen       total 259072K, used 152425K [0x00000006c1c00000, 0x00000006d1900000, 0x000000076b400000)
  object space 259072K, 58% used [0x00000006c1c00000,0x00000006cb0da780,0x00000006d1900000)
 Metaspace       used 34117K, capacity 35344K, committed 35376K, reserved 1081344K
  class space    used 3813K, capacity 4125K, committed 4144K, reserved 1048576K
GC Heap History (10 events):
Event: 37.560 GC heap before
{Heap before GC invocations=11 (full 1):
 PSYoungGen      total 475648K, used 475621K [0x000000076b400000, 0x0000000795d80000, 0x00000007c0000000)
  eden space 420352K, 100% used [0x000000076b400000,0x0000000784e80000,0x0000000784e80000)
  from space 55296K, 99% used [0x0000000784e80000,0x00000007884794a8,0x0000000788480000)
  to   space 65536K, 0% used [0x0000000791d80000,0x0000000791d80000,0x0000000795d80000)
 ParOldGen       total 133632K, used 87361K [0x00000006c1c00000, 0x00000006c9e80000, 0x000000076b400000)
  object space 133632K, 65% used [0x00000006c1c00000,0x00000006c7150508,0x00000006c9e80000)
 Metaspace       used 27369K, capacity 28148K, committed 28464K, reserved 1075200K
  class space    used 3114K, capacity 3303K, committed 3376K, reserved 1048576K
Event: 37.641 GC heap after
Heap after GC invocations=11 (full 1):
 PSYoungGen      total 610816K, used 24859K [0x000000076b400000, 0x0000000795080000, 0x00000007c0000000)
  eden space 558592K, 0% used [0x000000076b400000,0x000000076b400000,0x000000078d580000)
  from space 52224K, 47% used [0x0000000791d80000,0x00000007935c6cb0,0x0000000795080000)
  to   space 62976K, 0% used [0x000000078d580000,0x000000078d580000,0x0000000791300000)
 ParOldGen       total 133632K, used 127651K [0x00000006c1c00000, 0x00000006c9e80000, 0x000000076b400000)
  object space 133632K, 95% used [0x00000006c1c00000,0x00000006c98a8d60,0x00000006c9e80000)
 Metaspace       used 27369K, capacity 28148K, committed 28464K, reserved 1075200K
  class space    used 3114K, capacity 3303K, committed 3376K, reserved 1048576K
}
Event: 37.641 GC heap before
{Heap before GC invocations=12 (full 2):
 PSYoungGen      total 610816K, used 24859K [0x000000076b400000, 0x0000000795080000, 0x00000007c0000000)
  eden space 558592K, 0% used [0x000000076b400000,0x000000076b400000,0x000000078d580000)
  from space 52224K, 47% used [0x0000000791d80000,0x00000007935c6cb0,0x0000000795080000)
  to   space 62976K, 0% used [0x000000078d580000,0x000000078d580000,0x0000000791300000)
 ParOldGen       total 133632K, used 127651K [0x00000006c1c00000, 0x00000006c9e80000, 0x000000076b400000)
  object space 133632K, 95% used [0x00000006c1c00000,0x00000006c98a8d60,0x00000006c9e80000)
 Metaspace       used 27369K, capacity 28148K, committed 28464K, reserved 1075200K
  class space    used 3114K, capacity 3303K, committed 3376K, reserved 1048576K
Event: 38.190 GC heap after
Heap after GC invocations=12 (full 2):
 PSYoungGen      total 610816K, used 0K [0x000000076b400000, 0x0000000795080000, 0x00000007c0000000)
  eden space 558592K, 0% used [0x000000076b400000,0x000000076b400000,0x000000078d580000)
  from space 52224K, 0% used [0x0000000791d80000,0x0000000791d80000,0x0000000795080000)
  to   space 62976K, 0% used [0x000000078d580000,0x000000078d580000,0x0000000791300000)
 ParOldGen       total 259072K, used 103429K [0x00000006c1c00000, 0x00000006d1900000, 0x000000076b400000)
  object space 259072K, 39% used [0x00000006c1c00000,0x00000006c81015f8,0x00000006d1900000)
 Metaspace       used 26065K, capacity 26802K, committed 28464K, reserved 1075200K
  class space    used 2922K, capacity 3094K, committed 3376K, reserved 1048576K
}
Event: 44.003 GC heap before
{Heap before GC invocations=13 (full 2):
 PSYoungGen      total 610816K, used 558592K [0x000000076b400000, 0x0000000795080000, 0x00000007c0000000)
  eden space 558592K, 100% used [0x000000076b400000,0x000000078d580000,0x000000078d580000)
  from space 52224K, 0% used [0x0000000791d80000,0x0000000791d80000,0x0000000795080000)
  to   space 62976K, 0% used [0x000000078d580000,0x000000078d580000,0x0000000791300000)
 ParOldGen       total 259072K, used 103429K [0x00000006c1c00000, 0x00000006d1900000, 0x000000076b400000)
  object space 259072K, 39% used [0x00000006c1c00000,0x00000006c81015f8,0x00000006d1900000)
 Metaspace       used 26184K, capacity 26972K, committed 28464K, reserved 1075200K
  class space    used 2932K, capacity 3131K, committed 3376K, reserved 1048576K
Event: 44.041 GC heap after
Heap after GC invocations=13 (full 2):
 PSYoungGen      total 621568K, used 28098K [0x000000076b400000, 0x000000079fa00000, 0x00000007c0000000)
  eden space 558592K, 0% used [0x000000076b400000,0x000000076b400000,0x000000078d580000)
  from space 62976K, 44% used [0x000000078d580000,0x000000078f0f0b98,0x0000000791300000)
  to   space 59904K, 0% used [0x000000079bf80000,0x000000079bf80000,0x000000079fa00000)
 ParOldGen       total 259072K, used 103429K [0x00000006c1c00000, 0x00000006d1900000, 0x000000076b400000)
  object space 259072K, 39% used [0x00000006c1c00000,0x00000006c81015f8,0x00000006d1900000)
 Metaspace       used 26184K, capacity 26972K, committed 28464K, reserved 1075200K
  class space    used 2932K, capacity 3131K, committed 3376K, reserved 1048576K
}
Event: 57.537 GC heap before
{Heap before GC invocations=14 (full 2):
 PSYoungGen      total 621568K, used 586690K [0x000000076b400000, 0x000000079fa00000, 0x00000007c0000000)
  eden space 558592K, 100% used [0x000000076b400000,0x000000078d580000,0x000000078d580000)
  from space 62976K, 44% used [0x000000078d580000,0x000000078f0f0b98,0x0000000791300000)
  to   space 59904K, 0% used [0x000000079bf80000,0x000000079bf80000,0x000000079fa00000)
 ParOldGen       total 259072K, used 103429K [0x00000006c1c00000, 0x00000006d1900000, 0x000000076b400000)
  object space 259072K, 39% used [0x00000006c1c00000,0x00000006c81015f8,0x00000006d1900000)
 Metaspace       used 28208K, capacity 29052K, committed 29232K, reserved 1075200K
  class space    used 3081K, capacity 3291K, committed 3376K, reserved 1048576K
Event: 57.642 GC heap after
Heap after GC invocations=14 (full 2):
 PSYoungGen      total 757248K, used 30033K [0x000000076b400000, 0x000000079e300000, 0x00000007c0000000)
  eden space 720896K, 0% used [0x000000076b400000,0x000000076b400000,0x0000000797400000)
  from space 36352K, 82% used [0x000000079bf80000,0x000000079dcd4500,0x000000079e300000)
  to   space 56832K, 0% used [0x0000000797400000,0x0000000797400000,0x000000079ab80000)
 ParOldGen       total 259072K, used 122711K [0x00000006c1c00000, 0x00000006d1900000, 0x000000076b400000)
  object space 259072K, 47% used [0x00000006c1c00000,0x00000006c93d5ff0,0x00000006d1900000)
 Metaspace       used 28208K, capacity 29052K, committed 29232K, reserved 1075200K
  class space    used 3081K, capacity 3291K, committed 3376K, reserved 1048576K
}
Event: 74.165 GC heap before
{Heap before GC invocations=15 (full 2):
 PSYoungGen      total 757248K, used 750929K [0x000000076b400000, 0x000000079e300000, 0x00000007c0000000)
  eden space 720896K, 100% used [0x000000076b400000,0x0000000797400000,0x0000000797400000)
  from space 36352K, 82% used [0x000000079bf80000,0x000000079dcd4500,0x000000079e300000)
  to   space 56832K, 0% used [0x0000000797400000,0x0000000797400000,0x000000079ab80000)
 ParOldGen       total 259072K, used 122711K [0x00000006c1c00000, 0x00000006d1900000, 0x000000076b400000)
  object space 259072K, 47% used [0x00000006c1c00000,0x00000006c93d5ff0,0x00000006d1900000)
 Metaspace       used 33078K, capacity 34220K, committed 34480K, reserved 1079296K
  class space    used 3681K, capacity 3985K, committed 4016K, reserved 1048576K
Event: 74.270 GC heap after
Heap after GC invocations=15 (full 2):
 PSYoungGen      total 777728K, used 28292K [0x000000076b400000, 0x00000007a9500000, 0x00000007c0000000)
  eden space 720896K, 0% used [0x000000076b400000,0x000000076b400000,0x0000000797400000)
  from space 56832K, 49% used [0x0000000797400000,0x0000000798fa1200,0x000000079ab80000)
  to   space 54272K, 0% used [0x00000007a6000000,0x00000007a6000000,0x00000007a9500000)
 ParOldGen       total 259072K, used 152425K [0x00000006c1c00000, 0x00000006d1900000, 0x000000076b400000)
  object space 259072K, 58% used [0x00000006c1c00000,0x00000006cb0da780,0x00000006d1900000)
 Metaspace       used 33078K, capacity 34220K, committed 34480K, reserved 1079296K
  class space    used 3681K, capacity 3985K, committed 4016K, reserved 1048576K
}

