# JRE version: Java(TM) SE Runtime Environment (8.0_261-b12) (build 1.8.0_261-b12)
# Java VM: Java HotSpot(TM) 64-Bit Server VM (25.261-b12 mixed mode windows-amd64 compressed oops)
Heap:
 PSYoungGen      total 442368K, used 13555K [0x000000076b400000, 0x0000000788700000, 0x00000007c0000000)
  eden space 419840K, 3% used [0x000000076b400000,0x000000076c13cce8,0x0000000784e00000)
  from space 22528K, 0% used [0x0000000787100000,0x0000000787100000,0x0000000788700000)
  to   space 29184K, 0% used [0x0000000784e00000,0x0000000784e00000,0x0000000786a80000)
 ParOldGen       total 137728K, used 51544K [0x00000006c1c00000, 0x00000006ca280000, 0x000000076b400000)
  object space 137728K, 37% used [0x00000006c1c00000,0x00000006c4e56368,0x00000006ca280000)
 Metaspace       used 60398K, capacity 61120K, committed 62040K, reserved 1112064K
  class space    used 7661K, capacity 7826K, committed 8024K, reserved 1048576K
GC Heap History (10 events):
Event: 18.344 GC heap before
{Heap before GC invocations=27 (full 9):
 PSYoungGen      total 439808K, used 0K [0x000000076b400000, 0x0000000788780000, 0x00000007c0000000)
  eden space 416768K, 0% used [0x000000076b400000,0x000000076b400000,0x0000000784b00000)
  from space 23040K, 0% used [0x0000000787100000,0x0000000787100000,0x0000000788780000)
  to   space 26112K, 0% used [0x0000000785480000,0x0000000785480000,0x0000000786e00000)
 ParOldGen       total 137728K, used 53111K [0x00000006c1c00000, 0x00000006ca280000, 0x000000076b400000)
  object space 137728K, 38% used [0x00000006c1c00000,0x00000006c4fddd80,0x00000006ca280000)
 Metaspace       used 60277K, capacity 61106K, committed 61528K, reserved 1110016K
  class space    used 7674K, capacity 7877K, committed 8024K, reserved 1048576K
Event: 18.610 GC heap after
Heap after GC invocations=27 (full 9):
 PSYoungGen      total 439808K, used 0K [0x000000076b400000, 0x0000000788780000, 0x00000007c0000000)
  eden space 416768K, 0% used [0x000000076b400000,0x000000076b400000,0x0000000784b00000)
  from space 23040K, 0% used [0x0000000787100000,0x0000000787100000,0x0000000788780000)
  to   space 26112K, 0% used [0x0000000785480000,0x0000000785480000,0x0000000786e00000)
 ParOldGen       total 137728K, used 51070K [0x00000006c1c00000, 0x00000006ca280000, 0x000000076b400000)
  object space 137728K, 37% used [0x00000006c1c00000,0x00000006c4ddfa30,0x00000006ca280000)
 Metaspace       used 60038K, capacity 60674K, committed 61528K, reserved 1105920K
  class space    used 7634K, capacity 7805K, committed 8024K, reserved 1048576K
}
Event: 18.735 GC heap before
{Heap before GC invocations=28 (full 9):
 PSYoungGen      total 439808K, used 32361K [0x000000076b400000, 0x0000000788780000, 0x00000007c0000000)
  eden space 416768K, 7% used [0x000000076b400000,0x000000076d39a7a0,0x0000000784b00000)
  from space 23040K, 0% used [0x0000000787100000,0x0000000787100000,0x0000000788780000)
  to   space 26112K, 0% used [0x0000000785480000,0x0000000785480000,0x0000000786e00000)
 ParOldGen       total 137728K, used 51070K [0x00000006c1c00000, 0x00000006ca280000, 0x000000076b400000)
  object space 137728K, 37% used [0x00000006c1c00000,0x00000006c4ddfa30,0x00000006ca280000)
 Metaspace       used 60431K, capacity 61158K, committed 61784K, reserved 1110016K
  class space    used 7668K, capacity 7843K, committed 8024K, reserved 1048576K
Event: 18.738 GC heap after
Heap after GC invocations=28 (full 9):
 PSYoungGen      total 442880K, used 1440K [0x000000076b400000, 0x0000000788780000, 0x00000007c0000000)
  eden space 416768K, 0% used [0x000000076b400000,0x000000076b400000,0x0000000784b00000)
  from space 26112K, 5% used [0x0000000785480000,0x00000007855e8000,0x0000000786e00000)
  to   space 23040K, 0% used [0x0000000787100000,0x0000000787100000,0x0000000788780000)
 ParOldGen       total 137728K, used 51078K [0x00000006c1c00000, 0x00000006ca280000, 0x000000076b400000)
  object space 137728K, 37% used [0x00000006c1c00000,0x00000006c4de1a30,0x00000006ca280000)
 Metaspace       used 60431K, capacity 61158K, committed 61784K, reserved 1110016K
  class space    used 7668K, capacity 7843K, committed 8024K, reserved 1048576K
}
Event: 18.738 GC heap before
{Heap before GC invocations=29 (full 10):
 PSYoungGen      total 442880K, used 1440K [0x000000076b400000, 0x0000000788780000, 0x00000007c0000000)
  eden space 416768K, 0% used [0x000000076b400000,0x000000076b400000,0x0000000784b00000)
  from space 26112K, 5% used [0x0000000785480000,0x00000007855e8000,0x0000000786e00000)
  to   space 23040K, 0% used [0x0000000787100000,0x0000000787100000,0x0000000788780000)
 ParOldGen       total 137728K, used 51078K [0x00000006c1c00000, 0x00000006ca280000, 0x000000076b400000)
  object space 137728K, 37% used [0x00000006c1c00000,0x00000006c4de1a30,0x00000006ca280000)
 Metaspace       used 60431K, capacity 61158K, committed 61784K, reserved 1110016K
  class space    used 7668K, capacity 7843K, committed 8024K, reserved 1048576K
Event: 18.883 GC heap after
Heap after GC invocations=29 (full 10):
 PSYoungGen      total 442880K, used 0K [0x000000076b400000, 0x0000000788780000, 0x00000007c0000000)
  eden space 416768K, 0% used [0x000000076b400000,0x000000076b400000,0x0000000784b00000)
  from space 26112K, 0% used [0x0000000785480000,0x0000000785480000,0x0000000786e00000)
  to   space 23040K, 0% used [0x0000000787100000,0x0000000787100000,0x0000000788780000)
 ParOldGen       total 137728K, used 52197K [0x00000006c1c00000, 0x00000006ca280000, 0x000000076b400000)
  object space 137728K, 37% used [0x00000006c1c00000,0x00000006c4ef96c0,0x00000006ca280000)
 Metaspace       used 60431K, capacity 61158K, committed 61784K, reserved 1107968K
  class space    used 7668K, capacity 7843K, committed 8024K, reserved 1048576K
}
Event: 18.883 GC heap before
{Heap before GC invocations=30 (full 10):
 PSYoungGen      total 442880K, used 0K [0x000000076b400000, 0x0000000788780000, 0x00000007c0000000)
  eden space 416768K, 0% used [0x000000076b400000,0x000000076b400000,0x0000000784b00000)
  from space 26112K, 0% used [0x0000000785480000,0x0000000785480000,0x0000000786e00000)
  to   space 23040K, 0% used [0x0000000787100000,0x0000000787100000,0x0000000788780000)
 ParOldGen       total 137728K, used 52197K [0x00000006c1c00000, 0x00000006ca280000, 0x000000076b400000)
  object space 137728K, 37% used [0x00000006c1c00000,0x00000006c4ef96c0,0x00000006ca280000)
 Metaspace       used 60431K, capacity 61158K, committed 61784K, reserved 1112064K
  class space    used 7668K, capacity 7843K, committed 8024K, reserved 1048576K
Event: 18.885 GC heap after
Heap after GC invocations=30 (full 10):
 PSYoungGen      total 442368K, used 0K [0x000000076b400000, 0x0000000788700000, 0x00000007c0000000)
  eden space 419840K, 0% used [0x000000076b400000,0x000000076b400000,0x0000000784e00000)
  from space 22528K, 0% used [0x0000000787100000,0x0000000787100000,0x0000000788700000)
  to   space 29184K, 0% used [0x0000000784e00000,0x0000000784e00000,0x0000000786a80000)
 ParOldGen       total 137728K, used 52197K [0x00000006c1c00000, 0x00000006ca280000, 0x000000076b400000)
  object space 137728K, 37% used [0x00000006c1c00000,0x00000006c4ef96c0,0x00000006ca280000)
 Metaspace       used 60431K, capacity 61158K, committed 61784K, reserved 1112064K
  class space    used 7668K, capacity 7843K, committed 8024K, reserved 1048576K
}
Event: 18.885 GC heap before
{Heap before GC invocations=31 (full 11):
 PSYoungGen      total 442368K, used 0K [0x000000076b400000, 0x0000000788700000, 0x00000007c0000000)
  eden space 419840K, 0% used [0x000000076b400000,0x000000076b400000,0x0000000784e00000)
  from space 22528K, 0% used [0x0000000787100000,0x0000000787100000,0x0000000788700000)
  to   space 29184K, 0% used [0x0000000784e00000,0x0000000784e00000,0x0000000786a80000)
 ParOldGen       total 137728K, used 52197K [0x00000006c1c00000, 0x00000006ca280000, 0x000000076b400000)
  object space 137728K, 37% used [0x00000006c1c00000,0x00000006c4ef96c0,0x00000006ca280000)
 Metaspace       used 60431K, capacity 61158K, committed 61784K, reserved 1112064K
  class space    used 7668K, capacity 7843K, committed 8024K, reserved 1048576K
Event: 19.265 GC heap after
Heap after GC invocations=31 (full 11):
 PSYoungGen      total 442368K, used 0K [0x000000076b400000, 0x0000000788700000, 0x00000007c0000000)
  eden space 419840K, 0% used [0x000000076b400000,0x000000076b400000,0x0000000784e00000)
  from space 22528K, 0% used [0x0000000787100000,0x0000000787100000,0x0000000788700000)
  to   space 29184K, 0% used [0x0000000784e00000,0x0000000784e00000,0x0000000786a80000)
 ParOldGen       total 137728K, used 51544K [0x00000006c1c00000, 0x00000006ca280000, 0x000000076b400000)
  object space 137728K, 37% used [0x00000006c1c00000,0x00000006c4e56368,0x00000006ca280000)
 Metaspace       used 60308K, capacity 60936K, committed 61784K, reserved 1107968K
  class space    used 7648K, capacity 7806K, committed 8024K, reserved 1048576K
}

