# JRE version: Java(TM) SE Runtime Environment (8.0_261-b12) (build 1.8.0_261-b12)
# Java VM: Java HotSpot(TM) 64-Bit Server VM (25.261-b12 mixed mode windows-amd64 compressed oops)
Heap:
 PSYoungGen      total 56832K, used 48128K [0x00000000fc000000, 0x0000000100000000, 0x0000000100000000)
  eden space 48128K, 100% used [0x00000000fc000000,0x00000000fef00000,0x00000000fef00000)
  from space 8704K, 0% used [0x00000000fef00000,0x00000000fef00000,0x00000000ff780000)
  to   space 8704K, 0% used [0x00000000ff780000,0x00000000ff780000,0x0000000100000000)
 ParOldGen       total 36864K, used 36861K [0x00000000f9c00000, 0x00000000fc000000, 0x00000000fc000000)
  object space 36864K, 99% used [0x00000000f9c00000,0x00000000fbfff438,0x00000000fc000000)
 Metaspace       used 100699K, capacity 102116K, committed 102232K, reserved 1138688K
  class space    used 11508K, capacity 12148K, committed 12160K, reserved 1048576K
GC Heap History (10 events):
Event: 1397.174 GC heap before
{Heap before GC invocations=677 (full 634):
 PSYoungGen      total 56832K, used 48128K [0x00000000fc000000, 0x0000000100000000, 0x0000000100000000)
  eden space 48128K, 100% used [0x00000000fc000000,0x00000000fef00000,0x00000000fef00000)
  from space 8704K, 0% used [0x00000000fef00000,0x00000000fef00000,0x00000000ff780000)
  to   space 8704K, 0% used [0x00000000ff780000,0x00000000ff780000,0x0000000100000000)
 ParOldGen       total 36864K, used 36833K [0x00000000f9c00000, 0x00000000fc000000, 0x00000000fc000000)
  object space 36864K, 99% used [0x00000000f9c00000,0x00000000fbff8508,0x00000000fc000000)
 Metaspace       used 100699K, capacity 102116K, committed 102232K, reserved 1138688K
  class space    used 11508K, capacity 12148K, committed 12160K, reserved 1048576K
Event: 1397.233 GC heap after
Heap after GC invocations=677 (full 634):
 PSYoungGen      total 56832K, used 48127K [0x00000000fc000000, 0x0000000100000000, 0x0000000100000000)
  eden space 48128K, 99% used [0x00000000fc000000,0x00000000feefff70,0x00000000fef00000)
  from space 8704K, 0% used [0x00000000fef00000,0x00000000fef00000,0x00000000ff780000)
  to   space 8704K, 0% used [0x00000000ff780000,0x00000000ff780000,0x0000000100000000)
 ParOldGen       total 36864K, used 36833K [0x00000000f9c00000, 0x00000000fc000000, 0x00000000fc000000)
  object space 36864K, 99% used [0x00000000f9c00000,0x00000000fbff8508,0x00000000fc000000)
 Metaspace       used 100699K, capacity 102116K, committed 102232K, reserved 1138688K
  class space    used 11508K, capacity 12148K, committed 12160K, reserved 1048576K
}
Event: 1397.233 GC heap before
{Heap before GC invocations=678 (full 635):
 PSYoungGen      total 56832K, used 48127K [0x00000000fc000000, 0x0000000100000000, 0x0000000100000000)
  eden space 48128K, 99% used [0x00000000fc000000,0x00000000feefff70,0x00000000fef00000)
  from space 8704K, 0% used [0x00000000fef00000,0x00000000fef00000,0x00000000ff780000)
  to   space 8704K, 0% used [0x00000000ff780000,0x00000000ff780000,0x0000000100000000)
 ParOldGen       total 36864K, used 36833K [0x00000000f9c00000, 0x00000000fc000000, 0x00000000fc000000)
  object space 36864K, 99% used [0x00000000f9c00000,0x00000000fbff8508,0x00000000fc000000)
 Metaspace       used 100699K, capacity 102116K, committed 102232K, reserved 1138688K
  class space    used 11508K, capacity 12148K, committed 12160K, reserved 1048576K
Event: 1397.293 GC heap after
Heap after GC invocations=678 (full 635):
 PSYoungGen      total 56832K, used 47984K [0x00000000fc000000, 0x0000000100000000, 0x0000000100000000)
  eden space 48128K, 99% used [0x00000000fc000000,0x00000000feedc198,0x00000000fef00000)
  from space 8704K, 0% used [0x00000000fef00000,0x00000000fef00000,0x00000000ff780000)
  to   space 8704K, 0% used [0x00000000ff780000,0x00000000ff780000,0x0000000100000000)
 ParOldGen       total 36864K, used 36833K [0x00000000f9c00000, 0x00000000fc000000, 0x00000000fc000000)
  object space 36864K, 99% used [0x00000000f9c00000,0x00000000fbff8508,0x00000000fc000000)
 Metaspace       used 100699K, capacity 102116K, committed 102232K, reserved 1138688K
  class space    used 11508K, capacity 12148K, committed 12160K, reserved 1048576K
}
Event: 1397.293 GC heap before
{Heap before GC invocations=679 (full 636):
 PSYoungGen      total 56832K, used 48128K [0x00000000fc000000, 0x0000000100000000, 0x0000000100000000)
  eden space 48128K, 100% used [0x00000000fc000000,0x00000000fef00000,0x00000000fef00000)
  from space 8704K, 0% used [0x00000000fef00000,0x00000000fef00000,0x00000000ff780000)
  to   space 8704K, 0% used [0x00000000ff780000,0x00000000ff780000,0x0000000100000000)
 ParOldGen       total 36864K, used 36861K [0x00000000f9c00000, 0x00000000fc000000, 0x00000000fc000000)
  object space 36864K, 99% used [0x00000000f9c00000,0x00000000fbfff550,0x00000000fc000000)
 Metaspace       used 100699K, capacity 102116K, committed 102232K, reserved 1138688K
  class space    used 11508K, capacity 12148K, committed 12160K, reserved 1048576K
Event: 1397.347 GC heap after
Heap after GC invocations=679 (full 636):
 PSYoungGen      total 56832K, used 48126K [0x00000000fc000000, 0x0000000100000000, 0x0000000100000000)
  eden space 48128K, 99% used [0x00000000fc000000,0x00000000feeff9f0,0x00000000fef00000)
  from space 8704K, 0% used [0x00000000fef00000,0x00000000fef00000,0x00000000ff780000)
  to   space 8704K, 0% used [0x00000000ff780000,0x00000000ff780000,0x0000000100000000)
 ParOldGen       total 36864K, used 36861K [0x00000000f9c00000, 0x00000000fc000000, 0x00000000fc000000)
  object space 36864K, 99% used [0x00000000f9c00000,0x00000000fbfff530,0x00000000fc000000)
 Metaspace       used 100699K, capacity 102116K, committed 102232K, reserved 1138688K
  class space    used 11508K, capacity 12148K, committed 12160K, reserved 1048576K
}
Event: 1397.347 GC heap before
{Heap before GC invocations=680 (full 637):
 PSYoungGen      total 56832K, used 48126K [0x00000000fc000000, 0x0000000100000000, 0x0000000100000000)
  eden space 48128K, 99% used [0x00000000fc000000,0x00000000feeff9f0,0x00000000fef00000)
  from space 8704K, 0% used [0x00000000fef00000,0x00000000fef00000,0x00000000ff780000)
  to   space 8704K, 0% used [0x00000000ff780000,0x00000000ff780000,0x0000000100000000)
 ParOldGen       total 36864K, used 36861K [0x00000000f9c00000, 0x00000000fc000000, 0x00000000fc000000)
  object space 36864K, 99% used [0x00000000f9c00000,0x00000000fbfff530,0x00000000fc000000)
 Metaspace       used 100699K, capacity 102116K, committed 102232K, reserved 1138688K
  class space    used 11508K, capacity 12148K, committed 12160K, reserved 1048576K
Event: 1397.402 GC heap after
Heap after GC invocations=680 (full 637):
 PSYoungGen      total 56832K, used 48126K [0x00000000fc000000, 0x0000000100000000, 0x0000000100000000)
  eden space 48128K, 99% used [0x00000000fc000000,0x00000000feeff9f0,0x00000000fef00000)
  from space 8704K, 0% used [0x00000000fef00000,0x00000000fef00000,0x00000000ff780000)
  to   space 8704K, 0% used [0x00000000ff780000,0x00000000ff780000,0x0000000100000000)
 ParOldGen       total 36864K, used 36861K [0x00000000f9c00000, 0x00000000fc000000, 0x00000000fc000000)
  object space 36864K, 99% used [0x00000000f9c00000,0x00000000fbfff530,0x00000000fc000000)
 Metaspace       used 100699K, capacity 102116K, committed 102232K, reserved 1138688K
  class space    used 11508K, capacity 12148K, committed 12160K, reserved 1048576K
}
Event: 1397.403 GC heap before
{Heap before GC invocations=681 (full 638):
 PSYoungGen      total 56832K, used 48128K [0x00000000fc000000, 0x0000000100000000, 0x0000000100000000)
  eden space 48128K, 100% used [0x00000000fc000000,0x00000000fef00000,0x00000000fef00000)
  from space 8704K, 0% used [0x00000000fef00000,0x00000000fef00000,0x00000000ff780000)
  to   space 8704K, 0% used [0x00000000ff780000,0x00000000ff780000,0x0000000100000000)
 ParOldGen       total 36864K, used 36862K [0x00000000f9c00000, 0x00000000fc000000, 0x00000000fc000000)
  object space 36864K, 99% used [0x00000000f9c00000,0x00000000fbfff848,0x00000000fc000000)
 Metaspace       used 100699K, capacity 102116K, committed 102232K, reserved 1138688K
  class space    used 11508K, capacity 12148K, committed 12160K, reserved 1048576K
Event: 1397.481 GC heap after
Heap after GC invocations=681 (full 638):
 PSYoungGen      total 56832K, used 48127K [0x00000000fc000000, 0x0000000100000000, 0x0000000100000000)
  eden space 48128K, 99% used [0x00000000fc000000,0x00000000feefff80,0x00000000fef00000)
  from space 8704K, 0% used [0x00000000fef00000,0x00000000fef00000,0x00000000ff780000)
  to   space 8704K, 0% used [0x00000000ff780000,0x00000000ff780000,0x0000000100000000)
 ParOldGen       total 36864K, used 36861K [0x00000000f9c00000, 0x00000000fc000000, 0x00000000fc000000)
  object space 36864K, 99% used [0x00000000f9c00000,0x00000000fbfff438,0x00000000fc000000)
 Metaspace       used 100699K, capacity 102116K, committed 102232K, reserved 1138688K
  class space    used 11508K, capacity 12148K, committed 12160K, reserved 1048576K
}

