# JRE version: Java(TM) SE Runtime Environment (8.0_261-b12) (build 1.8.0_261-b12)
# Java VM: Java HotSpot(TM) 64-Bit Server VM (25.261-b12 mixed mode windows-amd64 compressed oops)
Heap:
 PSYoungGen      total 182272K, used 25881K [0x00000007b3800000, 0x00000007c0000000, 0x00000007c0000000)
  eden space 160768K, 9% used [0x00000007b3800000,0x00000007b46f3378,0x00000007bd500000)
  from space 21504K, 49% used [0x00000007bd500000,0x00000007bdf531b8,0x00000007bea00000)
  to   space 20480K, 0% used [0x00000007bec00000,0x00000007bec00000,0x00000007c0000000)
 ParOldGen       total 301568K, used 66224K [0x00000006c1c00000, 0x00000006d4280000, 0x00000007b3800000)
  object space 301568K, 21% used [0x00000006c1c00000,0x00000006c5cac040,0x00000006d4280000)
 Metaspace       used 62938K, capacity 64040K, committed 64256K, reserved 1105920K
  class space    used 7921K, capacity 8171K, committed 8192K, reserved 1048576K
GC Heap History (10 events):
Event: 39.447 GC heap before
{Heap before GC invocations=16 (full 2):
 PSYoungGen      total 182272K, used 71384K [0x00000007b3800000, 0x00000007c0000000, 0x00000007c0000000)
  eden space 159744K, 41% used [0x00000007b3800000,0x00000007b7845298,0x00000007bd400000)
  from space 22528K, 24% used [0x00000007bd400000,0x00000007bd970d78,0x00000007bea00000)
  to   space 22528K, 0% used [0x00000007bea00000,0x00000007bea00000,0x00000007c0000000)
 ParOldGen       total 205824K, used 60924K [0x00000006c1c00000, 0x00000006ce500000, 0x00000007b3800000)
  object space 205824K, 29% used [0x00000006c1c00000,0x00000006c577f0b0,0x00000006ce500000)
 Metaspace       used 57805K, capacity 58884K, committed 59008K, reserved 1101824K
  class space    used 7188K, capacity 7444K, committed 7552K, reserved 1048576K
Event: 39.457 GC heap after
Heap after GC invocations=16 (full 2):
 PSYoungGen      total 182272K, used 4407K [0x00000007b3800000, 0x00000007c0000000, 0x00000007c0000000)
  eden space 159744K, 0% used [0x00000007b3800000,0x00000007b3800000,0x00000007bd400000)
  from space 22528K, 19% used [0x00000007bea00000,0x00000007bee4dd18,0x00000007c0000000)
  to   space 22528K, 0% used [0x00000007bd400000,0x00000007bd400000,0x00000007bea00000)
 ParOldGen       total 205824K, used 65668K [0x00000006c1c00000, 0x00000006ce500000, 0x00000007b3800000)
  object space 205824K, 31% used [0x00000006c1c00000,0x00000006c5c210d0,0x00000006ce500000)
 Metaspace       used 57805K, capacity 58884K, committed 59008K, reserved 1101824K
  class space    used 7188K, capacity 7444K, committed 7552K, reserved 1048576K
}
Event: 39.457 GC heap before
{Heap before GC invocations=17 (full 3):
 PSYoungGen      total 182272K, used 4407K [0x00000007b3800000, 0x00000007c0000000, 0x00000007c0000000)
  eden space 159744K, 0% used [0x00000007b3800000,0x00000007b3800000,0x00000007bd400000)
  from space 22528K, 19% used [0x00000007bea00000,0x00000007bee4dd18,0x00000007c0000000)
  to   space 22528K, 0% used [0x00000007bd400000,0x00000007bd400000,0x00000007bea00000)
 ParOldGen       total 205824K, used 65668K [0x00000006c1c00000, 0x00000006ce500000, 0x00000007b3800000)
  object space 205824K, 31% used [0x00000006c1c00000,0x00000006c5c210d0,0x00000006ce500000)
 Metaspace       used 57805K, capacity 58884K, committed 59008K, reserved 1101824K
  class space    used 7188K, capacity 7444K, committed 7552K, reserved 1048576K
Event: 40.079 GC heap after
Heap after GC invocations=17 (full 3):
 PSYoungGen      total 182272K, used 0K [0x00000007b3800000, 0x00000007c0000000, 0x00000007c0000000)
  eden space 159744K, 0% used [0x00000007b3800000,0x00000007b3800000,0x00000007bd400000)
  from space 22528K, 0% used [0x00000007bea00000,0x00000007bea00000,0x00000007c0000000)
  to   space 22528K, 0% used [0x00000007bd400000,0x00000007bd400000,0x00000007bea00000)
 ParOldGen       total 301568K, used 66200K [0x00000006c1c00000, 0x00000006d4280000, 0x00000007b3800000)
  object space 301568K, 21% used [0x00000006c1c00000,0x00000006c5ca6040,0x00000006d4280000)
 Metaspace       used 57580K, capacity 58524K, committed 59008K, reserved 1101824K
  class space    used 7155K, capacity 7384K, committed 7552K, reserved 1048576K
}
Event: 41.336 GC heap before
{Heap before GC invocations=18 (full 3):
 PSYoungGen      total 182272K, used 159744K [0x00000007b3800000, 0x00000007c0000000, 0x00000007c0000000)
  eden space 159744K, 100% used [0x00000007b3800000,0x00000007bd400000,0x00000007bd400000)
  from space 22528K, 0% used [0x00000007bea00000,0x00000007bea00000,0x00000007c0000000)
  to   space 22528K, 0% used [0x00000007bd400000,0x00000007bd400000,0x00000007bea00000)
 ParOldGen       total 301568K, used 66200K [0x00000006c1c00000, 0x00000006d4280000, 0x00000007b3800000)
  object space 301568K, 21% used [0x00000006c1c00000,0x00000006c5ca6040,0x00000006d4280000)
 Metaspace       used 59513K, capacity 60456K, committed 61056K, reserved 1101824K
  class space    used 7443K, capacity 7642K, committed 7808K, reserved 1048576K
Event: 41.344 GC heap after
Heap after GC invocations=18 (full 3):
 PSYoungGen      total 182272K, used 4770K [0x00000007b3800000, 0x00000007c0000000, 0x00000007c0000000)
  eden space 159744K, 0% used [0x00000007b3800000,0x00000007b3800000,0x00000007bd400000)
  from space 22528K, 21% used [0x00000007bd400000,0x00000007bd8a8ad8,0x00000007bea00000)
  to   space 22528K, 0% used [0x00000007bea00000,0x00000007bea00000,0x00000007c0000000)
 ParOldGen       total 301568K, used 66208K [0x00000006c1c00000, 0x00000006d4280000, 0x00000007b3800000)
  object space 301568K, 21% used [0x00000006c1c00000,0x00000006c5ca8040,0x00000006d4280000)
 Metaspace       used 59513K, capacity 60456K, committed 61056K, reserved 1101824K
  class space    used 7443K, capacity 7642K, committed 7808K, reserved 1048576K
}
Event: 43.076 GC heap before
{Heap before GC invocations=19 (full 3):
 PSYoungGen      total 182272K, used 164514K [0x00000007b3800000, 0x00000007c0000000, 0x00000007c0000000)
  eden space 159744K, 100% used [0x00000007b3800000,0x00000007bd400000,0x00000007bd400000)
  from space 22528K, 21% used [0x00000007bd400000,0x00000007bd8a8ad8,0x00000007bea00000)
  to   space 22528K, 0% used [0x00000007bea00000,0x00000007bea00000,0x00000007c0000000)
 ParOldGen       total 301568K, used 66208K [0x00000006c1c00000, 0x00000006d4280000, 0x00000007b3800000)
  object space 301568K, 21% used [0x00000006c1c00000,0x00000006c5ca8040,0x00000006d4280000)
 Metaspace       used 61223K, capacity 62224K, committed 62592K, reserved 1103872K
  class space    used 7688K, capacity 7943K, committed 8064K, reserved 1048576K
Event: 43.087 GC heap after
Heap after GC invocations=19 (full 3):
 PSYoungGen      total 183296K, used 8745K [0x00000007b3800000, 0x00000007c0000000, 0x00000007c0000000)
  eden space 160768K, 0% used [0x00000007b3800000,0x00000007b3800000,0x00000007bd500000)
  from space 22528K, 38% used [0x00000007bea00000,0x00000007bf28a768,0x00000007c0000000)
  to   space 21504K, 0% used [0x00000007bd500000,0x00000007bd500000,0x00000007bea00000)
 ParOldGen       total 301568K, used 66216K [0x00000006c1c00000, 0x00000006d4280000, 0x00000007b3800000)
  object space 301568K, 21% used [0x00000006c1c00000,0x00000006c5caa040,0x00000006d4280000)
 Metaspace       used 61223K, capacity 62224K, committed 62592K, reserved 1103872K
  class space    used 7688K, capacity 7943K, committed 8064K, reserved 1048576K
}
Event: 45.308 GC heap before
{Heap before GC invocations=20 (full 3):
 PSYoungGen      total 183296K, used 169513K [0x00000007b3800000, 0x00000007c0000000, 0x00000007c0000000)
  eden space 160768K, 100% used [0x00000007b3800000,0x00000007bd500000,0x00000007bd500000)
  from space 22528K, 38% used [0x00000007bea00000,0x00000007bf28a768,0x00000007c0000000)
  to   space 21504K, 0% used [0x00000007bd500000,0x00000007bd500000,0x00000007bea00000)
 ParOldGen       total 301568K, used 66216K [0x00000006c1c00000, 0x00000006d4280000, 0x00000007b3800000)
  object space 301568K, 21% used [0x00000006c1c00000,0x00000006c5caa040,0x00000006d4280000)
 Metaspace       used 62011K, capacity 63072K, committed 63488K, reserved 1103872K
  class space    used 7803K, capacity 8047K, committed 8192K, reserved 1048576K
Event: 45.409 GC heap after
Heap after GC invocations=20 (full 3):
 PSYoungGen      total 182272K, used 10572K [0x00000007b3800000, 0x00000007c0000000, 0x00000007c0000000)
  eden space 160768K, 0% used [0x00000007b3800000,0x00000007b3800000,0x00000007bd500000)
  from space 21504K, 49% used [0x00000007bd500000,0x00000007bdf531b8,0x00000007bea00000)
  to   space 20480K, 0% used [0x00000007bec00000,0x00000007bec00000,0x00000007c0000000)
 ParOldGen       total 301568K, used 66224K [0x00000006c1c00000, 0x00000006d4280000, 0x00000007b3800000)
  object space 301568K, 21% used [0x00000006c1c00000,0x00000006c5cac040,0x00000006d4280000)
 Metaspace       used 62011K, capacity 63072K, committed 63488K, reserved 1103872K
  class space    used 7803K, capacity 8047K, committed 8192K, reserved 1048576K
}

