# JRE version: Java(TM) SE Runtime Environment (8.0_261-b12) (build 1.8.0_261-b12)
# Java VM: Java HotSpot(TM) 64-Bit Server VM (25.261-b12 mixed mode windows-amd64 compressed oops)
Heap:
 PSYoungGen      total 179200K, used 28094K [0x00000007b3800000, 0x00000007c0000000, 0x00000007c0000000)
  eden space 153600K, 18% used [0x00000007b3800000,0x00000007b536f898,0x00000007bce00000)
  from space 25600K, 0% used [0x00000007be700000,0x00000007be700000,0x00000007c0000000)
  to   space 25600K, 0% used [0x00000007bce00000,0x00000007bce00000,0x00000007be700000)
 ParOldGen       total 102400K, used 8068K [0x00000006c1c00000, 0x00000006c8000000, 0x00000007b3800000)
  object space 102400K, 7% used [0x00000006c1c00000,0x00000006c23e1238,0x00000006c8000000)
 Metaspace       used 21177K, capacity 21544K, committed 21888K, reserved 1069056K
  class space    used 2729K, capacity 2827K, committed 2944K, reserved 1048576K
GC Heap History (6 events):
Event: 4.163 GC heap before
{Heap before GC invocations=1 (full 0):
 PSYoungGen      total 179200K, used 153600K [0x00000007b3800000, 0x00000007c0000000, 0x00000007c0000000)
  eden space 153600K, 100% used [0x00000007b3800000,0x00000007bce00000,0x00000007bce00000)
  from space 25600K, 0% used [0x00000007be700000,0x00000007be700000,0x00000007c0000000)
  to   space 25600K, 0% used [0x00000007bce00000,0x00000007bce00000,0x00000007be700000)
 ParOldGen       total 102400K, used 0K [0x00000006c1c00000, 0x00000006c8000000, 0x00000007b3800000)
  object space 102400K, 0% used [0x00000006c1c00000,0x00000006c1c00000,0x00000006c8000000)
 Metaspace       used 18510K, capacity 18876K, committed 19072K, reserved 1067008K
  class space    used 2336K, capacity 2429K, committed 2432K, reserved 1048576K
Event: 4.174 GC heap after
Heap after GC invocations=1 (full 0):
 PSYoungGen      total 179200K, used 13198K [0x00000007b3800000, 0x00000007c0000000, 0x00000007c0000000)
  eden space 153600K, 0% used [0x00000007b3800000,0x00000007b3800000,0x00000007bce00000)
  from space 25600K, 51% used [0x00000007bce00000,0x00000007bdae3ae8,0x00000007be700000)
  to   space 25600K, 0% used [0x00000007be700000,0x00000007be700000,0x00000007c0000000)
 ParOldGen       total 102400K, used 88K [0x00000006c1c00000, 0x00000006c8000000, 0x00000007b3800000)
  object space 102400K, 0% used [0x00000006c1c00000,0x00000006c1c16010,0x00000006c8000000)
 Metaspace       used 18510K, capacity 18876K, committed 19072K, reserved 1067008K
  class space    used 2336K, capacity 2429K, committed 2432K, reserved 1048576K
}
Event: 4.538 GC heap before
{Heap before GC invocations=2 (full 0):
 PSYoungGen      total 179200K, used 64438K [0x00000007b3800000, 0x00000007c0000000, 0x00000007c0000000)
  eden space 153600K, 33% used [0x00000007b3800000,0x00000007b6a0a0c8,0x00000007bce00000)
  from space 25600K, 51% used [0x00000007bce00000,0x00000007bdae3ae8,0x00000007be700000)
  to   space 25600K, 0% used [0x00000007be700000,0x00000007be700000,0x00000007c0000000)
 ParOldGen       total 102400K, used 88K [0x00000006c1c00000, 0x00000006c8000000, 0x00000007b3800000)
  object space 102400K, 0% used [0x00000006c1c00000,0x00000006c1c16010,0x00000006c8000000)
 Metaspace       used 20827K, capacity 21160K, committed 21248K, reserved 1067008K
  class space    used 2663K, capacity 2763K, committed 2816K, reserved 1048576K
Event: 4.553 GC heap after
Heap after GC invocations=2 (full 0):
 PSYoungGen      total 179200K, used 8179K [0x00000007b3800000, 0x00000007c0000000, 0x00000007c0000000)
  eden space 153600K, 0% used [0x00000007b3800000,0x00000007b3800000,0x00000007bce00000)
  from space 25600K, 31% used [0x00000007be700000,0x00000007beefce78,0x00000007c0000000)
  to   space 25600K, 0% used [0x00000007bce00000,0x00000007bce00000,0x00000007be700000)
 ParOldGen       total 102400K, used 96K [0x00000006c1c00000, 0x00000006c8000000, 0x00000007b3800000)
  object space 102400K, 0% used [0x00000006c1c00000,0x00000006c1c18010,0x00000006c8000000)
 Metaspace       used 20827K, capacity 21160K, committed 21248K, reserved 1067008K
  class space    used 2663K, capacity 2763K, committed 2816K, reserved 1048576K
}
Event: 4.553 GC heap before
{Heap before GC invocations=3 (full 1):
 PSYoungGen      total 179200K, used 8179K [0x00000007b3800000, 0x00000007c0000000, 0x00000007c0000000)
  eden space 153600K, 0% used [0x00000007b3800000,0x00000007b3800000,0x00000007bce00000)
  from space 25600K, 31% used [0x00000007be700000,0x00000007beefce78,0x00000007c0000000)
  to   space 25600K, 0% used [0x00000007bce00000,0x00000007bce00000,0x00000007be700000)
 ParOldGen       total 102400K, used 96K [0x00000006c1c00000, 0x00000006c8000000, 0x00000007b3800000)
  object space 102400K, 0% used [0x00000006c1c00000,0x00000006c1c18010,0x00000006c8000000)
 Metaspace       used 20827K, capacity 21160K, committed 21248K, reserved 1067008K
  class space    used 2663K, capacity 2763K, committed 2816K, reserved 1048576K
Event: 4.597 GC heap after
Heap after GC invocations=3 (full 1):
 PSYoungGen      total 179200K, used 0K [0x00000007b3800000, 0x00000007c0000000, 0x00000007c0000000)
  eden space 153600K, 0% used [0x00000007b3800000,0x00000007b3800000,0x00000007bce00000)
  from space 25600K, 0% used [0x00000007be700000,0x00000007be700000,0x00000007c0000000)
  to   space 25600K, 0% used [0x00000007bce00000,0x00000007bce00000,0x00000007be700000)
 ParOldGen       total 102400K, used 8068K [0x00000006c1c00000, 0x00000006c8000000, 0x00000007b3800000)
  object space 102400K, 7% used [0x00000006c1c00000,0x00000006c23e1238,0x00000006c8000000)
 Metaspace       used 20827K, capacity 21160K, committed 21248K, reserved 1067008K
  class space    used 2663K, capacity 2763K, committed 2816K, reserved 1048576K
}

